android/app/build/intermediates/manifest_merge_blame_file/release/manifest-merger-blame-release-report.txt
1<?xml version="1.0" encoding="utf-8"?>
2<manifest xmlns:android="http://schemas.android.com/apk/res/android"
3    package="com.example.project"
4    android:versionCode="1"
5    android:versionName="1.0.0" >
6
7    <uses-sdk
8        android:minSdkVersion="21"
9        android:targetSdkVersion="34" />
10
11    <uses-permission android:name="android.permission.INTERNET" />
11-->src\main\AndroidManifest.xml:5:5-67
11-->src\main\AndroidManifest.xml:5:22-64
12    <uses-permission android:name="android.permission.ACCESS_FINE_LOCATION" />
12-->src\main\AndroidManifest.xml:6:5-79
12-->src\main\AndroidManifest.xml:6:22-76
13    <uses-permission android:name="android.permission.ACCESS_COARSE_LOCATION" />
13-->src\main\AndroidManifest.xml:7:5-81
13-->src\main\AndroidManifest.xml:7:22-78
14    <uses-permission android:name="android.permission.CAMERA" />
14-->src\main\AndroidManifest.xml:8:5-64
14-->src\main\AndroidManifest.xml:8:22-62
15    <uses-permission android:name="android.permission.READ_EXTERNAL_STORAGE" />
15-->src\main\AndroidManifest.xml:9:5-79
15-->src\main\AndroidManifest.xml:9:22-77
16    <uses-permission android:name="android.permission.READ_EXTERNAL_STORAGE" />
16-->src\main\AndroidManifest.xml:9:5-79
16-->src\main\AndroidManifest.xml:9:22-77
17    <uses-permission android:name="android.permission.WRITE_EXTERNAL_STORAGE" />
17-->src\main\AndroidManifest.xml:11:1-77
17-->src\main\AndroidManifest.xml:11:18-74
18
19    <!--
20         Required to query activities that can process text, see:
21         https://developer.android.com/training/package-visibility and
22         https://developer.android.com/reference/android/content/Intent#ACTION_PROCESS_TEXT.
23
24         In particular, this is used by the Flutter engine in io.flutter.plugin.text.ProcessTextPlugin.
25    -->
26    <queries>
26-->src\main\AndroidManifest.xml:56:5-61:15
27        <intent>
27-->src\main\AndroidManifest.xml:57:9-60:18
28            <action android:name="android.intent.action.PROCESS_TEXT" />
28-->src\main\AndroidManifest.xml:58:13-72
28-->src\main\AndroidManifest.xml:58:21-70
29
30            <data android:mimeType="text/plain" />
30-->src\main\AndroidManifest.xml:59:13-50
30-->src\main\AndroidManifest.xml:59:19-48
31        </intent>
32    </queries>
33
34    <application
35        android:name="android.app.Application"
35-->src\main\AndroidManifest.xml:14:13-46
36        android:extractNativeLibs="true"
37        android:icon="@mipmap/ic_launcher"
37-->src\main\AndroidManifest.xml:15:13-47
38        android:label="project" >
38-->src\main\AndroidManifest.xml:13:13-36
39
40        <!-- Google Maps API Key -->
41        <meta-data
41-->src\main\AndroidManifest.xml:18:9-20:74
42            android:name="com.google.android.geo.API_KEY"
42-->src\main\AndroidManifest.xml:19:17-62
43            android:value="AIzaSyAOqwGzcv9K8GTRX8brAWno85_fwP6G8tI" />
43-->src\main\AndroidManifest.xml:20:17-72
44
45        <activity
45-->src\main\AndroidManifest.xml:22:9-42:20
46            android:name="com.example.project.MainActivity"
46-->src\main\AndroidManifest.xml:23:17-45
47            android:configChanges="orientation|keyboardHidden|keyboard|screenSize|smallestScreenSize|locale|layoutDirection|fontScale|screenLayout|density|uiMode"
47-->src\main\AndroidManifest.xml:28:17-167
48            android:exported="true"
48-->src\main\AndroidManifest.xml:24:17-40
49            android:hardwareAccelerated="true"
49-->src\main\AndroidManifest.xml:29:17-51
50            android:launchMode="singleTop"
50-->src\main\AndroidManifest.xml:25:17-47
51            android:taskAffinity=""
51-->src\main\AndroidManifest.xml:26:17-40
52            android:theme="@style/LaunchTheme"
52-->src\main\AndroidManifest.xml:27:17-51
53            android:windowSoftInputMode="adjustResize" >
53-->src\main\AndroidManifest.xml:30:17-59
54
55            <!--
56                 Specifies an Android theme to apply to this Activity as soon as
57                 the Android process has started. This theme is visible to the user
58                 while the Flutter UI initializes. After that, this theme continues
59                 to determine the Window background behind the Flutter UI.
60            -->
61            <meta-data
61-->src\main\AndroidManifest.xml:35:13-37:60
62                android:name="io.flutter.embedding.android.NormalTheme"
62-->src\main\AndroidManifest.xml:36:21-76
63                android:resource="@style/NormalTheme" />
63-->src\main\AndroidManifest.xml:37:21-58
64
65            <intent-filter>
65-->src\main\AndroidManifest.xml:38:13-41:29
66                <action android:name="android.intent.action.MAIN" />
66-->src\main\AndroidManifest.xml:39:17-68
66-->src\main\AndroidManifest.xml:39:25-66
67
68                <category android:name="android.intent.category.LAUNCHER" />
68-->src\main\AndroidManifest.xml:40:17-76
68-->src\main\AndroidManifest.xml:40:27-74
69            </intent-filter>
70        </activity>
71
72        <!--
73             Don't delete the meta-data below.
74             This is used by the Flutter tool to generate GeneratedPluginRegistrant.java
75        -->
76        <meta-data
76-->src\main\AndroidManifest.xml:46:9-48:37
77            android:name="flutterEmbedding"
77-->src\main\AndroidManifest.xml:47:17-48
78            android:value="2" />
78-->src\main\AndroidManifest.xml:48:17-34
79    </application>
80
81</manifest>